#
# There is insufficient memory for the Java Runtime Environment to continue.
# Native memory allocation (mmap) failed to map 2097152 bytes for Failed to commit area from 0x000001e13e200000 to 0x000001e13e400000 of length 2097152.
# Possible reasons:
#   The system is out of physical RAM or swap space
#   The process is running with CompressedOops enabled, and the Java Heap may be blocking the growth of the native heap
# Possible solutions:
#   Reduce memory load on the system
#   Increase physical memory or swap space
#   Check if swap backing store is full
#   Decrease Java heap size (-Xmx/-Xms)
#   Decrease number of Java threads
#   Decrease Java thread stack sizes (-Xss)
#   Set larger code cache with -XX:ReservedCodeCacheSize=
#   JVM is running with Unscaled Compressed Oops mode in which the Java heap is
#     placed in the first 4GB address space. The Java Heap base address is the
#     maximum limit for the native heap growth. Please use -XX:HeapBaseMinAddress
#     to set the Java Heap base and to place the Java Heap above 4GB virtual address.
# This output file may be truncated or incomplete.
#
#  Out of Memory Error (./open/src/hotspot/os/windows/os_windows.cpp:3315), pid=3612, tid=6120
#
# JRE version:  (14.0.1+7) (build )
# Java VM: Java HotSpot(TM) 64-Bit Server VM (14.0.1+7, mixed mode, sharing, tiered, compressed oops, g1 gc, windows-amd64)
# No core dump will be written. Minidumps are not enabled by default on client versions of Windows
#

---------------  S U M M A R Y ------------

Command Line: C:\Users\Ruth\AppData\Local\Temp\surefire5773507501833978478\surefirebooter11629911148393703462.jar C:\Users\Ruth\AppData\Local\Temp\surefire5773507501833978478 2021-03-10T10-02-26_591-jvmRun1 surefire13500160752516376130tmp surefire_011619394931344864859tmp

Host: Intel(R) Core(TM) i5-5200U CPU @ 2.20GHz, 4 cores, 7G,  Windows 10 , 64 bit Build 19041 (10.0.19041.292)
Time: Wed Mar 10 10:02:27 2021 GMT Standard Time elapsed time: 0 seconds (0d 0h 0m 0s)

---------------  T H R E A D  ---------------

Current thread (0x000001e122099000):  JavaThread "Unknown thread" [_thread_in_vm, id=6120, stack(0x0000004f22800000,0x0000004f22900000)]

Stack: [0x0000004f22800000,0x0000004f22900000]
Native frames: (J=compiled Java code, j=interpreted, Vv=VM code, C=native code)
V  [jvm.dll+0x5f840a]
V  [jvm.dll+0x741e4a]
V  [jvm.dll+0x7435ff]
V  [jvm.dll+0x743c43]
V  [jvm.dll+0x20d288]
V  [jvm.dll+0x5f57ba]
V  [jvm.dll+0x5ea615]
V  [jvm.dll+0x2c7e9c]
V  [jvm.dll+0x2c7cd2]
V  [jvm.dll+0x2cdbbc]
V  [jvm.dll+0x314021]
V  [jvm.dll+0x313720]
V  [jvm.dll+0x2a092a]
V  [jvm.dll+0x2a1a79]
V  [jvm.dll+0x71f718]
V  [jvm.dll+0x321c44]
V  [jvm.dll+0x700b0c]
V  [jvm.dll+0x392dff]
V  [jvm.dll+0x394e71]
C  [jli.dll+0x523b]
C  [ucrtbase.dll+0x214c2]
C  [KERNEL32.DLL+0x16fd4]
C  [ntdll.dll+0x4cec1]


---------------  P R O C E S S  ---------------

Threads class SMR info:
_java_thread_list=0x00007ffffabf3078, length=0, elements={
}

Java Threads: ( => current thread )

Other Threads:
  0x000001e1220da800 GCTaskThread "GC Thread#0" [stack: 0x0000004f22900000,0x0000004f22a00000] [id=8056]
  0x000001e1220ed000 ConcurrentGCThread "G1 Main Marker" [stack: 0x0000004f22a00000,0x0000004f22b00000] [id=1072]
  0x000001e1220ef000 ConcurrentGCThread "G1 Conc#0" [stack: 0x0000004f22b00000,0x0000004f22c00000] [id=23784]

[error occurred during error reporting (printing all threads), id 0xc0000005, EXCEPTION_ACCESS_VIOLATION (0xc0000005) at pc=0x00007ffffa421257]

VM state:not at safepoint (not fully initialized)

VM Mutex/Monitor currently owned by a thread:  ([mutex/lock_event])
[0x000001e1220951d0] Heap_lock - owner thread: 0x000001e122099000

Heap address: 0x0000000081a00000, size: 2022 MB, Compressed Oops mode: 32-bit
Narrow klass base: 0x0000000000000000, Narrow klass shift: 0

GC Heap History (0 events):
No events

Deoptimization events (0 events):
No events

Classes unloaded (0 events):
No events

Classes redefined (0 events):
No events

Internal exceptions (0 events):
No events

Events (2 events):
Event: 0.023 Loaded shared library C:\Program Files\Java\jdk-14.0.1\bin\java.dll
Event: 0.025 Loaded shared library C:\Program Files\Java\jdk-14.0.1\bin\zip.dll


Dynamic libraries:
0x00007ff6cc530000 - 0x00007ff6cc53f000 	C:\Program Files\Java\jdk-14.0.1\bin\java.exe
0x00007ff850af0000 - 0x00007ff850ce5000 	C:\Windows\SYSTEM32\ntdll.dll
0x00007ff84ebd0000 - 0x00007ff84ec8d000 	C:\Windows\System32\KERNEL32.DLL
0x00007ff84e6e0000 - 0x00007ff84e9a7000 	C:\Windows\System32\KERNELBASE.dll
0x00007ff84e400000 - 0x00007ff84e500000 	C:\Windows\System32\ucrtbase.dll
0x00007ff83f2e0000 - 0x00007ff83f2f8000 	C:\Program Files\Java\jdk-14.0.1\bin\jli.dll
0x00007ff840d50000 - 0x00007ff840d65000 	C:\Program Files\Java\jdk-14.0.1\bin\VCRUNTIME140.dll
0x00007ff84f3f0000 - 0x00007ff84f49a000 	C:\Windows\System32\ADVAPI32.dll
0x00007ff84fd30000 - 0x00007ff84fdce000 	C:\Windows\System32\msvcrt.dll
0x00007ff84f4c0000 - 0x00007ff84f55b000 	C:\Windows\System32\sechost.dll
0x00007ff84f5d0000 - 0x00007ff84f6f4000 	C:\Windows\System32\RPCRT4.dll
0x00007ff84ef00000 - 0x00007ff84f0a0000 	C:\Windows\System32\USER32.dll
0x00007ff83f630000 - 0x00007ff83f8cb000 	C:\Windows\WinSxS\amd64_microsoft.windows.common-controls_6595b64144ccf1df_6.0.19041.488_none_ca04af081b815d21\COMCTL32.dll
0x00007ff84ea10000 - 0x00007ff84ea32000 	C:\Windows\System32\win32u.dll
0x00007ff84f700000 - 0x00007ff84f72a000 	C:\Windows\System32\GDI32.dll
0x00007ff84ea40000 - 0x00007ff84eb49000 	C:\Windows\System32\gdi32full.dll
0x00007ff84e360000 - 0x00007ff84e3fd000 	C:\Windows\System32\msvcp_win.dll
0x00007ff845250000 - 0x00007ff84525a000 	C:\Windows\SYSTEM32\VERSION.dll
0x00007ff8509d0000 - 0x00007ff850a00000 	C:\Windows\System32\IMM32.DLL
0x00007ff835f80000 - 0x00007ff83601b000 	C:\Program Files\Java\jdk-14.0.1\bin\msvcp140.dll
0x00007ffffa170000 - 0x00007ffffac8e000 	C:\Program Files\Java\jdk-14.0.1\bin\server\jvm.dll
0x00007ff84fd20000 - 0x00007ff84fd28000 	C:\Windows\System32\PSAPI.DLL
0x00007ff8498b0000 - 0x00007ff8498b9000 	C:\Windows\SYSTEM32\WSOCK32.dll
0x00007ff8437b0000 - 0x00007ff8437d7000 	C:\Windows\SYSTEM32\WINMM.dll
0x00007ff84f2b0000 - 0x00007ff84f31b000 	C:\Windows\System32\WS2_32.dll
0x00007ff84cb70000 - 0x00007ff84cb83000 	C:\Windows\SYSTEM32\kernel.appcore.dll
0x00007ff849890000 - 0x00007ff84989a000 	C:\Program Files\Java\jdk-14.0.1\bin\jimage.dll
0x00007ff83b0b0000 - 0x00007ff83b294000 	C:\Windows\SYSTEM32\DBGHELP.DLL
0x00007ff83a940000 - 0x00007ff83a96c000 	C:\Windows\SYSTEM32\dbgcore.DLL
0x00007ff84e500000 - 0x00007ff84e57f000 	C:\Windows\System32\bcryptPrimitives.dll
0x00007ff83ea30000 - 0x00007ff83ea55000 	C:\Program Files\Java\jdk-14.0.1\bin\java.dll
0x00007ff83e9e0000 - 0x00007ff83e9f6000 	C:\Program Files\Java\jdk-14.0.1\bin\zip.dll

dbghelp: loaded successfully - version: 4.0.5 - missing functions: none
symbol engine: initialized successfully - sym options: 0x614 - pdb path: .;C:\Program Files\Java\jdk-14.0.1\bin;C:\Windows\SYSTEM32;C:\Windows\WinSxS\amd64_microsoft.windows.common-controls_6595b64144ccf1df_6.0.19041.488_none_ca04af081b815d21;C:\Program Files\Java\jdk-14.0.1\bin\server

VM Arguments:
java_command: C:\Users\Ruth\AppData\Local\Temp\surefire5773507501833978478\surefirebooter11629911148393703462.jar C:\Users\Ruth\AppData\Local\Temp\surefire5773507501833978478 2021-03-10T10-02-26_591-jvmRun1 surefire13500160752516376130tmp surefire_011619394931344864859tmp
java_class_path (initial): C:\Users\Ruth\AppData\Local\Temp\surefire5773507501833978478\surefirebooter11629911148393703462.jar
Launcher Type: SUN_STANDARD

[Global flags]
     intx CICompilerCount                          = 3                                         {product} {ergonomic}
     uint ConcGCThreads                            = 1                                         {product} {ergonomic}
     uint G1ConcRefinementThreads                  = 4                                         {product} {ergonomic}
   size_t G1HeapRegionSize                         = 1048576                                   {product} {ergonomic}
    uintx GCDrainStackTargetSize                   = 64                                        {product} {ergonomic}
   size_t InitialHeapSize                          = 134217728                                 {product} {ergonomic}
   size_t MarkStackSize                            = 4194304                                   {product} {ergonomic}
   size_t MaxHeapSize                              = 2120220672                                {product} {ergonomic}
   size_t MinHeapDeltaBytes                        = 1048576                                   {product} {ergonomic}
   size_t MinHeapSize                              = 8388608                                   {product} {ergonomic}
    uintx NonNMethodCodeHeapSize                   = 5832780                                {pd product} {ergonomic}
    uintx NonProfiledCodeHeapSize                  = 122912730                              {pd product} {ergonomic}
    uintx ProfiledCodeHeapSize                     = 122912730                              {pd product} {ergonomic}
    uintx ReservedCodeCacheSize                    = 251658240                              {pd product} {ergonomic}
     bool SegmentedCodeCache                       = true                                      {product} {ergonomic}
   size_t SoftMaxHeapSize                          = 2120220672                             {manageable} {ergonomic}
     bool UseCompressedClassPointers               = true                                 {lp64_product} {ergonomic}
     bool UseCompressedOops                        = true                                 {lp64_product} {ergonomic}
     bool UseG1GC                                  = true                                      {product} {ergonomic}
     bool UseLargePagesIndividualAllocation        = false                                  {pd product} {ergonomic}

Logging:
Log output configuration:
 #0: stdout all=warning uptime,level,tags
 #1: stderr all=off uptime,level,tags

Environment Variables:
JAVA_HOME=C:\Program Files\AdoptOpenJDK\jre-8.0.265.01-hotspot\
PATH=C:\Program Files\Google\Chrome\Application;C:\Program Files (x86)\Common Files\Oracle\Java\javapath;C:\Program Files\AdoptOpenJDK\jre-8.0.265.01-hotspot\bin;C:\Program Files\AdoptOpenJDK\jre-11.0.8.10-hotspot\bin;C:\Program Files (x86)\AdoptOpenJDK\jre-8.0.265.01-hotspot\bin;C:\Windows\system32;C:\Windows;C:\Windows\System32\Wbem;C:\Windows\System32\WindowsPowerShell\v1.0\;C:\Windows\System32\OpenSSH\;C:\Program Files\Git\cmd;C:\nodejs\installs\;C:\Users\Ruth\AppData\Local\Microsoft\WindowsApps;C:\Users\Ruth\AppData\Local\atom\bin;C:\Users\Ruth\AppData\Roaming\npm
USERNAME=Ruth
OS=Windows_NT
PROCESSOR_IDENTIFIER=Intel64 Family 6 Model 61 Stepping 4, GenuineIntel



---------------  S Y S T E M  ---------------

OS: Windows 10 , 64 bit Build 19041 (10.0.19041.292)
OS uptime: 30 days 0:29 hours

CPU:total 4 (initial active 4) (2 cores per cpu, 2 threads per core) family 6 model 61 stepping 4, cmov, cx8, fxsr, mmx, sse, sse2, sse3, ssse3, sse4.1, sse4.2, popcnt, avx, avx2, aes, clmul, erms, 3dnowpref, lzcnt, ht, tsc, tscinvbit, bmi1, bmi2, adx, fma

Memory: 4k page, system-wide physical 8083M (1193M free)
TotalPageFile size 11623M (AvailPageFile size 5M)
current process WorkingSet (physical memory assigned to process): 10M, peak: 10M
current process commit charge ("private bytes"): 182M, peak: 184M

vm_info: Java HotSpot(TM) 64-Bit Server VM (14.0.1+7) for windows-amd64 JRE (14.0.1+7), built on Mar  5 2020 10:30:14 by "mach5one" with MS VC++ 15.9 (VS2017)

END.
